<?xml version="1.0" encoding="UTF-8"?>
<!-- Generated by org.testng.reporters.JUnitReportReporter -->
<testsuite skipped="0" hostname="hp" name="test.BestbuyAutomation" tests="1" failures="0" timestamp="27 Oct 2019 14:44:32 GMT" time="43.916" errors="0">
  <testcase name="orderProduct" time="43.916" classname="test.BestbuyAutomation"/>
</testsuite> <!-- test.BestbuyAutomation -->
